<?xml version="1.0" encoding="UTF-8"?>
<!-- Generated by org.testng.reporters.JUnitXMLReporter -->
<testsuite ignored="4" hostname="Harsha" failures="0" tests="4" name="Test" time="0.123" errors="0" timestamp="16 Apr 2023 04:04:32 GMT">
  <testcase classname="Testcase.carloantest" name="test3" time="0.013"/>
  <testcase classname="Testcase.craditcardtest" name="test4" time="0.003"/>
  <testcase classname="Testcase.Homeloantest" name="test2" time="0.006"/>
  <testcase classname="Testcase.Homeloantest" name="test1" time="0.002"/>
  <testcase classname="Testcase.baseclass" name="@BeforeTest method3" time="0.0">
    <ignored/>
  </testcase> <!-- @BeforeTest method3 -->
  <testcase classname="Testcase.baseclass" name="@BeforeTest method3" time="0.0">
    <ignored/>
  </testcase> <!-- @BeforeTest method3 -->
  <testcase classname="Testcase.baseclass" name="@AfterTest method4" time="0.0">
    <ignored/>
  </testcase> <!-- @AfterTest method4 -->
  <testcase classname="Testcase.baseclass" name="@AfterTest method4" time="0.0">
    <ignored/>
  </testcase> <!-- @AfterTest method4 -->
</testsuite> <!-- Test -->
