<?xml version="1.0" encoding="UTF-8"?>
<testsuite xmlns:xsi="http://www.w3.org/2001/XMLSchema-instance" xsi:noNamespaceSchemaLocation="https://maven.apache.org/surefire/maven-surefire-plugin/xsd/surefire-test-report-3.0.xsd" version="3.0" name="TestSuite" time="2.872" tests="6" errors="0" skipped="0" failures="0">
  <properties>
[...]
</properties>
  <testcase name="test3" classname="Testcase.carloantest" time="0.002">
    <system-out><![CDATA[[TestNGContentHandler] [WARN] It is strongly recommended to add "<!DOCTYPE suite SYSTEM "http://testng.org/testng-1.0.dtd" >" at the top of your file, otherwise TestNG may fail or not work as expected.
[TestNGContentHandler] [WARN] It is strongly recommended to add "<!DOCTYPE suite SYSTEM "http://testng.org/testng-1.0.dtd" >" at the top of your file, otherwise TestNG may fail or not work as expected.
Inside before method3
Inside before method
car loan test
]]></system-out>
  </testcase>
  <testcase name="test4" classname="Testcase.craditcardtest" time="0.001">
    <system-out><![CDATA[Inside after Smethod
Inside before method
cradit card data test4
]]></system-out>
  </testcase>
  <testcase name="test4" classname="Testcase.craditcardtest" time="0">
    <system-out><![CDATA[Inside after Smethod
Inside before method4
Inside before method3
Inside before method
cradit card data test4
]]></system-out>
  </testcase>
  <testcase name="test2" classname="Testcase.Homeloantest" time="0.002">
    <system-out><![CDATA[Inside after Smethod
Inside before method
Inside home loan test2
]]></system-out>
  </testcase>
  <testcase name="test2" classname="Testcase.Homeloantest" time="0">
    <system-out><![CDATA[Inside after Smethod
Inside before method
Inside home loan test2
]]></system-out>
  </testcase>
  <testcase name="test1" classname="Testcase.Homeloantest" time="0.001">
    <system-out><![CDATA[Inside after Smethod
Inside before method
Inside home loan test1
]]></system-out>
  </testcase>
</testsuite>