<?xml version="1.0" encoding="UTF-8"?>
<!-- Generated by org.testng.reporters.JUnitXMLReporter -->
<testsuite hostname="Harsha" ignored="6" name="Test" tests="2" failures="0" timestamp="16 Apr 2023 04:53:24 GMT" time="0.005" errors="0">
  <testcase name="test4" time="0.001" classname="Testcase.craditcardtest"/>
  <testcase name="test2" time="0.0" classname="Testcase.Homeloantest"/>
  <testcase name="test1" time="0.0" classname="Testcase.Homeloantest">
    <ignored/>
  </testcase> <!-- test1 -->
  <testcase name="@BeforeTest method3" time="0.0" classname="Testcase.baseclass">
    <ignored/>
  </testcase> <!-- @BeforeTest method3 -->
  <testcase name="@BeforeTest method3" time="0.0" classname="Testcase.baseclass">
    <ignored/>
  </testcase> <!-- @BeforeTest method3 -->
  <testcase name="test3" time="0.0" classname="Testcase.carloantest">
    <ignored/>
  </testcase> <!-- test3 -->
  <testcase name="@AfterTest method4" time="0.0" classname="Testcase.baseclass">
    <ignored/>
  </testcase> <!-- @AfterTest method4 -->
  <testcase name="@AfterTest method4" time="0.0" classname="Testcase.baseclass">
    <ignored/>
  </testcase> <!-- @AfterTest method4 -->
</testsuite> <!-- Test -->
